<?xml version="1.0" encoding="UTF-8"?>
<testng-results skipped="0" failed="0" ignored="0" total="2" passed="2">
  <reporter-output>
  </reporter-output>
  <suite name="Default suite" duration-ms="29590" started-at="2023-08-01T12:59:01Z" finished-at="2023-08-01T12:59:31Z">
    <groups>
    </groups>
    <test name="Default test" duration-ms="29590" started-at="2023-08-01T12:59:01Z" finished-at="2023-08-01T12:59:31Z">
      <class name="automationFrameWork.NewTest">
        <test-method status="PASS" signature="beforeMethod()[pri:0, instance:automationFrameWork.NewTest@1ce92674]" name="beforeMethod" is-config="true" duration-ms="6" started-at="2023-08-01T15:59:01Z" finished-at="2023-08-01T15:59:01Z">
          <reporter-output>
          </reporter-output>
        </test-method> <!-- beforeMethod -->
        <test-method status="PASS" signature="isLogoDisplayed()[pri:0, instance:automationFrameWork.NewTest@1ce92674]" name="isLogoDisplayed" duration-ms="11572" started-at="2023-08-01T15:59:01Z" finished-at="2023-08-01T15:59:13Z">
          <reporter-output>
          </reporter-output>
        </test-method> <!-- isLogoDisplayed -->
        <test-method status="PASS" signature="signIn()[pri:0, instance:automationFrameWork.NewTest@1ce92674]" name="signIn" duration-ms="18000" started-at="2023-08-01T15:59:13Z" finished-at="2023-08-01T15:59:31Z">
          <reporter-output>
          </reporter-output>
        </test-method> <!-- signIn -->
        <test-method status="PASS" signature="beforeMethod()[pri:0, instance:automationFrameWork.NewTest@1ce92674]" name="beforeMethod" is-config="true" duration-ms="0" started-at="2023-08-01T15:59:13Z" finished-at="2023-08-01T15:59:13Z">
          <reporter-output>
          </reporter-output>
        </test-method> <!-- beforeMethod -->
      </class> <!-- automationFrameWork.NewTest -->
    </test> <!-- Default test -->
  </suite> <!-- Default suite -->
</testng-results>
